FDTD Solutions Version 8.20.1731 (Linux 64bit)
 expires (month/day/year): 11/11/2018
using config file: /home/thenegativeentropy/.config/Lumerical/FDTD Solutions.ini
license host: <a href=http://localhost:8095>localhost:8095</a>
current time: Tue Oct 23 14:23:01 2018
Running on host: Hackingdom
All processes are communicating and ready to proceed to simulation...
Running fsp file: /opt/lumerical/fdtd/bin/fdtd-engine-mpich2nem -t 1 -remote -ttyname /dev/pts/0 /home/thenegativeentropy/DevProjects/SciProjects/Lumerical/FDTD/MieScattering/OriginalFiles/mie_example_3d.fsp
number of processors is 4
processors are distributed as: 1x2x2
Running 3D Simulation
Starting meshing
Simulation size in gridpoints: 94 x 48 x 48
Refined 0 mesh cells (0%)
Completed meshing!
Meshing complete in 0.171813 seconds of CPU time
20480 20480
Starting meshing
Simulation size in gridpoints: 94 x 48 x 48
Refined 0 mesh cells (0%)
Completed meshing!
Meshing complete in 0.057748 seconds of CPU time
22800 22800
Starting meshing
Simulation size in gridpoints: 94 x 48 x 48
Refined 0 mesh cells (0%)
Completed meshing!
Meshing complete in 0.055745 seconds of CPU time
22880 22880
finished material properties
Meshing Time: 0.561484 seconds, Init Electrical Material Time: 0.048068 seconds, Init Magnetic Material Time: 0.000493
Using selected optimization level: 2
Selecting 3d kernel for splitFieldDirection=0 and optLevel=2
-----------------------------------------
Beginning initialization of 3D Simulation
Starting to add sources to simulation
Adding 3D TFSF source propagating in Y
Starting meshing
Simulation size in gridpoints: 3 x 191 x 3
Refined 0 mesh cells (0%)
Completed meshing!
Meshing complete in 0.000336 seconds of CPU time
0 0
Starting meshing
Simulation size in gridpoints: 3 x 191 x 3
Refined 0 mesh cells (0%)
Completed meshing!
Meshing complete in 0.000289 seconds of CPU time
0 0
Starting meshing
Simulation size in gridpoints: 3 x 191 x 3
Refined 0 mesh cells (0%)
Completed meshing!
Meshing complete in 0.000286 seconds of CPU time
0 0
finished material properties
Meshing Time: 0.00068 seconds, Init Electrical Material Time: 0.000313 seconds, Init Magnetic Material Time: 7e-06
Using selected optimization level: 2
Selecting 3d kernel for splitFieldDirection=0 and optLevel=2
Starting to add boundary conditions to simulation
Adding 3D PML BC
Adding 3D PML BC
Adding 3D PML BC
Adding 3D Parallel BC
Adding 3D PML BC
Adding 3D Parallel BC
Starting to add monitors to Simulation
Adding analysis monitor
Adding 3D DFT monitor
Adding 3D DFT monitor
Adding 3D DFT monitor
Adding 3D Time monitor
Adding 3D movie monitor
Adding analysis monitor
Adding 3D DFT monitor
Adding 3D DFT monitor
Adding 3D DFT monitor
Adding 3D DFT monitor
Adding 3D DFT monitor
Adding 3D DFT monitor
Adding analysis monitor
Adding 3D DFT monitor
Adding 3D DFT monitor
Adding 3D DFT monitor
Adding 3D DFT monitor
Adding 3D DFT monitor
Adding 3D DFT monitor
Adding analysis monitor
Adding 3D DFT monitor
Adding 3D DFT monitor
Adding 3D DFT monitor
Adding 3D DFT monitor
Adding 3D DFT monitor
Adding 3D DFT monitor
Adding 3D index monitor
Finished initialization of 3D Simulation
-----------------------------------------
All processes are communicating and ready to proceed to simulation...
Starting 5245 total iterations
1% complete. Max time remaining: 43 secs. Auto Shutoff: 1
2% complete. Max time remaining: 40 secs. Auto Shutoff: 1
5% complete. Max time remaining: 38 secs. Auto Shutoff: 1
9% complete. Max time remaining: 36 secs. Auto Shutoff: 1
14% complete. Max time remaining: 34 secs. Auto Shutoff: 1
19% complete. Max time remaining: 32 secs. Auto Shutoff: 1
24% complete. Max time remaining: 30 secs. Auto Shutoff: 1
29% complete. Max time remaining: 31 secs. Auto Shutoff: 0.00418895
31% complete. Max time remaining: 30 secs. Auto Shutoff: 0.00185348
34% complete. Max time remaining: 30 secs. Auto Shutoff: 0.000869098
36% complete. Max time remaining: 29 secs. Auto Shutoff: 0.00026546
39% complete. Max time remaining: 28 secs. Auto Shutoff: 0.000189816
41% complete. Max time remaining: 27 secs. Auto Shutoff: 0.000142766
44% complete. Max time remaining: 26 secs. Auto Shutoff: 0.00010554
46% complete. Max time remaining: 25 secs. Auto Shutoff: 6.69729e-05
49% complete. Max time remaining: 24 secs. Auto Shutoff: 4.59373e-05
51% complete. Max time remaining: 23 secs. Auto Shutoff: 6.01457e-05
53% complete. Max time remaining: 22 secs. Auto Shutoff: 5.15346e-05
56% complete. Max time remaining: 21 secs. Auto Shutoff: 1.42877e-05
58% complete. Max time remaining: 19 secs. Auto Shutoff: 4.11813e-05
61% complete. Max time remaining: 18 secs. Auto Shutoff: 1.29431e-05
63% complete. Max time remaining: 17 secs. Auto Shutoff: 1.78561e-05
68% complete. Max time remaining: 15 secs. Auto Shutoff: 2.21205e-05
70% complete. Max time remaining: 14 secs. Auto Shutoff: 1.43243e-05
73% complete. Max time remaining: 13 secs. Auto Shutoff: 8.20747e-06
100% complete. Max time remaining: 0 mins, 0 secs. Auto Shutoff: 8.20747e-06
Early termination of simulation, the autoshutoff criteria are satisfied.
Completed 3809 iterations, or 3.631072e-14s of Simulation Time
Process 0 starting to collect data
    collecting monitor data
    collecting source data
Starting meshing
Simulation size in gridpoints: 3 x 191 x 3
Refined 0 mesh cells (0.000000e+00%)
Completed meshing!
Meshing complete in 3.360000e-04 seconds of CPU time
0 0
Starting meshing
Simulation size in gridpoints: 3 x 191 x 3
Refined 0 mesh cells (0.000000e+00%)
Completed meshing!
Meshing complete in 2.930000e-04 seconds of CPU time
0 0
Starting meshing
Simulation size in gridpoints: 3 x 191 x 3
Refined 0 mesh cells (0.000000e+00%)
Completed meshing!
Meshing complete in 3.090000e-04 seconds of CPU time
0 0
finished material properties
Meshing Time: 7.250000e-04 seconds, Init Electrical Material Time: 3.210000e-04 seconds, Init Magnetic Material Time: 6.000000e-06
Using selected optimization level: 0
Selecting 3d kernel for splitFieldDirection=0 and optLevel=0
Finished collecting data
Simulation completed successfully at: Tue Oct 23 14:23:35 2018
Overall wall time measurements in seconds:
    time to mesh and initialize: 1
    time to run FDTD simulation: 33
    time to finalize data and save to files: 0
    FDTD solver speed: 24.9981 Mnodes/s
    total FDTD solver speed on 4 processes: 99.9925 Mnodes/s
