Warning: your license expires in 10 days!
FDTD Solutions Version 8.20.1703 (Windows 64bit)
 expires (month/day/year): 11/3/2018
using config file: C:/Users/AbyssusX/AppData/Roaming/Lumerical/FDTD Solutions.ini
license host: Hackingdom
current time: Wed Oct 24 18:45:24 2018
Running on host: Hackingdom
All processes are communicating and ready to proceed to simulation...
Running fsp file: C:\Program Files\Lumerical\FDTD\bin\fdtd-engine-msmpi.exe -t 1 -remote -hide G:/DEV/DevProjects/SciProjects/uob-python-plotcolor/MieScattering/ModifiedFiles/mie_example_3d_particle_radius_sweep/particle_radius_sweep_39.fsp
number of processors is 8
processors are distributed as: 1x4x2
Running 3D Simulation
Starting meshing
Simulation size in gridpoints: 49 x 25 x 25
Refined 0 mesh cells (0%)
Completed meshing!
Meshing complete in 0 seconds of CPU time
0 0
Starting meshing
Simulation size in gridpoints: 49 x 25 x 25
Refined 0 mesh cells (0%)
Completed meshing!
Meshing complete in 0.015625 seconds of CPU time
0 0
Starting meshing
Simulation size in gridpoints: 49 x 25 x 25
Refined 0 mesh cells (0%)
Completed meshing!
Meshing complete in 0 seconds of CPU time
0 0
finished material properties
Meshing Time: 0.0595274 seconds, Init Electrical Material Time: 0.00524171 seconds, Init Magnetic Material Time: 9.30104e-005
Using selected optimization level: 2
Selecting 3d kernel for splitFieldDirection=0 and optLevel=2
-----------------------------------------
Beginning initialization of 3D Simulation
Starting to add sources to simulation
Adding 3D TFSF source propagating in Y
Starting to add boundary conditions to simulation
Adding 3D Symmetric BC
Adding 3D PML BC
Adding 3D PML BC
Adding 3D Parallel BC
Adding 3D Anti-Symmetric BC
Adding 3D Parallel BC
Starting to add monitors to Simulation
Adding analysis monitor
Adding 3D DFT monitor
Adding 3D DFT monitor
Adding 3D DFT monitor
Adding 3D Time monitor
Adding 3D movie monitor
Adding analysis monitor
Adding 3D DFT monitor
Monitor ::model::total::x1 is outside the simulation and will not record any data
Adding 3D DFT monitor
Adding 3D DFT monitor
Adding 3D DFT monitor
Adding 3D DFT monitor
Monitor ::model::total::z1 is outside the simulation and will not record any data
Adding 3D DFT monitor
Adding analysis monitor
Adding 3D DFT monitor
Monitor ::model::scat::x1 is outside the simulation and will not record any data
Adding 3D DFT monitor
Adding 3D DFT monitor
Adding 3D DFT monitor
Adding 3D DFT monitor
Monitor ::model::scat::z1 is outside the simulation and will not record any data
Adding 3D DFT monitor
Adding analysis monitor
Adding 3D DFT monitor
Monitor ::model::scat_ff::z1 is outside the simulation and will not record any data
Adding 3D DFT monitor
Adding 3D DFT monitor
Monitor ::model::scat_ff::x1 is outside the simulation and will not record any data
Adding 3D DFT monitor
Adding 3D DFT monitor
Adding 3D DFT monitor
Adding 3D index monitor
Adding 3D DFT monitor
Finished initialization of 3D Simulation
-----------------------------------------
All processes are communicating and ready to proceed to simulation...
Starting 5245 total iterations
1% complete. Max time remaining: 9 mins, 48 secs. Auto Shutoff: 1
1% complete. Max time remaining: 7 mins, 38 secs. Auto Shutoff: 1
3% complete. Max time remaining: 4 mins, 20 secs. Auto Shutoff: 1
4% complete. Max time remaining: 3 mins, 38 secs. Auto Shutoff: 1
5% complete. Max time remaining: 3 mins, 6 secs. Auto Shutoff: 1
7% complete. Max time remaining: 2 mins, 47 secs. Auto Shutoff: 1
8% complete. Max time remaining: 2 mins, 33 secs. Auto Shutoff: 1
9% complete. Max time remaining: 2 mins, 23 secs. Auto Shutoff: 1
10% complete. Max time remaining: 2 mins, 15 secs. Auto Shutoff: 1
11% complete. Max time remaining: 2 mins, 7 secs. Auto Shutoff: 1
13% complete. Max time remaining: 2 mins, 1 secs. Auto Shutoff: 1
14% complete. Max time remaining: 1 min, 56 secs. Auto Shutoff: 1
15% complete. Max time remaining: 1 min, 51 secs. Auto Shutoff: 1
16% complete. Max time remaining: 1 min, 47 secs. Auto Shutoff: 1
18% complete. Max time remaining: 1 min, 43 secs. Auto Shutoff: 1
19% complete. Max time remaining: 1 min, 40 secs. Auto Shutoff: 1
20% complete. Max time remaining: 1 min, 37 secs. Auto Shutoff: 1
21% complete. Max time remaining: 1 min, 34 secs. Auto Shutoff: 1
22% complete. Max time remaining: 1 min, 32 secs. Auto Shutoff: 1
24% complete. Max time remaining: 1 min, 29 secs. Auto Shutoff: 1
25% complete. Max time remaining: 1 min, 27 secs. Auto Shutoff: 0.00775505
26% complete. Max time remaining: 1 min, 25 secs. Auto Shutoff: 0.00775505
27% complete. Max time remaining: 1 min, 23 secs. Auto Shutoff: 0.00344918
29% complete. Max time remaining: 1 min, 21 secs. Auto Shutoff: 0.00150379
30% complete. Max time remaining: 1 min, 19 secs. Auto Shutoff: 0.00150379
32% complete. Max time remaining: 1 min, 15 secs. Auto Shutoff: 0.000427616
33% complete. Max time remaining: 1 min, 13 secs. Auto Shutoff: 0.000427616
35% complete. Max time remaining: 1 min, 12 secs. Auto Shutoff: 0.000279863
36% complete. Max time remaining: 1 min, 10 secs. Auto Shutoff: 0.000279863
37% complete. Max time remaining: 1 min, 8 secs. Auto Shutoff: 0.000178658
38% complete. Max time remaining: 1 min, 7 secs. Auto Shutoff: 0.000111422
40% complete. Max time remaining: 1 min, 5 secs. Auto Shutoff: 0.000111422
41% complete. Max time remaining: 1 min, 4 secs. Auto Shutoff: 6.58223e-005
42% complete. Max time remaining: 1 min, 2 secs. Auto Shutoff: 0.000114083
43% complete. Max time remaining: 1 min, 1 secs. Auto Shutoff: 0.000114083
44% complete. Max time remaining: 59 secs. Auto Shutoff: 2.52432e-005
46% complete. Max time remaining: 58 secs. Auto Shutoff: 2.52432e-005
47% complete. Max time remaining: 57 secs. Auto Shutoff: 0.00010118
48% complete. Max time remaining: 56 secs. Auto Shutoff: 3.65397e-005
49% complete. Max time remaining: 54 secs. Auto Shutoff: 3.65397e-005
50% complete. Max time remaining: 53 secs. Auto Shutoff: 5.46389e-005
52% complete. Max time remaining: 51 secs. Auto Shutoff: 7.75163e-005
53% complete. Max time remaining: 50 secs. Auto Shutoff: 7.75163e-005
54% complete. Max time remaining: 49 secs. Auto Shutoff: 1.28594e-005
55% complete. Max time remaining: 47 secs. Auto Shutoff: 9.4333e-005
57% complete. Max time remaining: 46 secs. Auto Shutoff: 9.4333e-005
57% complete. Max time remaining: 45 secs. Auto Shutoff: 6.62512e-006
100% complete. Max time remaining: 0 mins, 0 secs. Auto Shutoff: 6.62512e-006
Early termination of simulation, the autoshutoff criteria are satisfied.
Completed 3001 iterations, or 2.860816e-014s of Simulation Time
Process 0 starting to collect data
    collecting monitor data
Monitor ::model::total::x1 is outside the simulation and will not record any data
Monitor ::model::total::z1 is outside the simulation and will not record any data
Monitor ::model::scat::x1 is outside the simulation and will not record any data
Monitor ::model::scat::z1 is outside the simulation and will not record any data
Monitor ::model::scat_ff::z1 is outside the simulation and will not record any data
Monitor ::model::scat_ff::x1 is outside the simulation and will not record any data
    collecting source data
Starting meshing
Simulation size in gridpoints: 3 x 199 x 3
Refined 0 mesh cells (0.000000e+000%)
Completed meshing!
Meshing complete in 0.000000e+000 seconds of CPU time
0 0
Starting meshing
Simulation size in gridpoints: 3 x 199 x 3
Refined 0 mesh cells (0.000000e+000%)
Completed meshing!
Meshing complete in 0.000000e+000 seconds of CPU time
0 0
Starting meshing
Simulation size in gridpoints: 3 x 199 x 3
Refined 0 mesh cells (0.000000e+000%)
Completed meshing!
Meshing complete in 0.000000e+000 seconds of CPU time
0 0
finished material properties
Meshing Time: 1.856641e-003 seconds, Init Electrical Material Time: 4.943568e-004 seconds, Init Magnetic Material Time: 1.401527e-005
Using selected optimization level: 0
Selecting 3d kernel for splitFieldDirection=0 and optLevel=0
Finished collecting data
Simulation completed successfully at: Wed Oct 24 18:46:26 2018
Overall wall time measurements in seconds:
    time to mesh and initialize: 0
    time to run FDTD simulation: 60
    time to finalize data and save to files: 1
    FDTD solver speed: 1.53176 Mnodes/s
    total FDTD solver speed on 8 processes: 12.2541 Mnodes/s
