Warning: your license expires in 10 days!
FDTD Solutions Version 8.20.1703 (Windows 64bit)
 expires (month/day/year): 11/3/2018
using config file: C:/Users/AbyssusX/AppData/Roaming/Lumerical/FDTD Solutions.ini
license host: Hackingdom
current time: Wed Oct 24 18:53:20 2018
Running on host: Hackingdom
All processes are communicating and ready to proceed to simulation...
Running fsp file: C:\Program Files\Lumerical\FDTD\bin\fdtd-engine-msmpi.exe -t 1 -remote -hide G:/DEV/DevProjects/SciProjects/uob-python-plotcolor/MieScattering/ModifiedFiles/mie_example_3d_particle_radius_sweep/particle_radius_sweep_46.fsp
number of processors is 8
processors are distributed as: 1x4x2
Running 3D Simulation
Starting meshing
Simulation size in gridpoints: 49 x 25 x 25
Refined 0 mesh cells (0%)
Completed meshing!
Meshing complete in 0 seconds of CPU time
0 0
Starting meshing
Simulation size in gridpoints: 49 x 25 x 25
Refined 0 mesh cells (0%)
Completed meshing!
Meshing complete in 0 seconds of CPU time
0 0
Starting meshing
Simulation size in gridpoints: 49 x 25 x 25
Refined 0 mesh cells (0%)
Completed meshing!
Meshing complete in 0 seconds of CPU time
0 0
finished material properties
Meshing Time: 0.0673903 seconds, Init Electrical Material Time: 0.00628317 seconds, Init Magnetic Material Time: 9.30104e-005
Using selected optimization level: 2
Selecting 3d kernel for splitFieldDirection=0 and optLevel=2
-----------------------------------------
Beginning initialization of 3D Simulation
Starting to add sources to simulation
Adding 3D TFSF source propagating in Y
Starting to add boundary conditions to simulation
Adding 3D Symmetric BC
Adding 3D PML BC
Adding 3D PML BC
Adding 3D Parallel BC
Adding 3D Anti-Symmetric BC
Adding 3D Parallel BC
Starting to add monitors to Simulation
Adding analysis monitor
Adding 3D DFT monitor
Adding 3D DFT monitor
Adding 3D DFT monitor
Adding 3D Time monitor
Adding 3D movie monitor
Adding analysis monitor
Adding 3D DFT monitor
Monitor ::model::total::x1 is outside the simulation and will not record any data
Adding 3D DFT monitor
Adding 3D DFT monitor
Adding 3D DFT monitor
Adding 3D DFT monitor
Monitor ::model::total::z1 is outside the simulation and will not record any data
Adding 3D DFT monitor
Adding analysis monitor
Adding 3D DFT monitor
Monitor ::model::scat::x1 is outside the simulation and will not record any data
Adding 3D DFT monitor
Adding 3D DFT monitor
Adding 3D DFT monitor
Adding 3D DFT monitor
Monitor ::model::scat::z1 is outside the simulation and will not record any data
Adding 3D DFT monitor
Adding analysis monitor
Adding 3D DFT monitor
Monitor ::model::scat_ff::z1 is outside the simulation and will not record any data
Adding 3D DFT monitor
Adding 3D DFT monitor
Monitor ::model::scat_ff::x1 is outside the simulation and will not record any data
Adding 3D DFT monitor
Adding 3D DFT monitor
Adding 3D DFT monitor
Adding 3D index monitor
Adding 3D DFT monitor
Finished initialization of 3D Simulation
-----------------------------------------
All processes are communicating and ready to proceed to simulation...
Starting 5245 total iterations
1% complete. Max time remaining: 3 mins, 42 secs. Auto Shutoff: 1
2% complete. Max time remaining: 2 mins, 54 secs. Auto Shutoff: 1
3% complete. Max time remaining: 2 mins, 17 secs. Auto Shutoff: 1
4% complete. Max time remaining: 2 mins, 15 secs. Auto Shutoff: 1
5% complete. Max time remaining: 2 mins, 21 secs. Auto Shutoff: 1
6% complete. Max time remaining: 2 mins, 15 secs. Auto Shutoff: 1
7% complete. Max time remaining: 2 mins, 10 secs. Auto Shutoff: 1
8% complete. Max time remaining: 2 mins, 5 secs. Auto Shutoff: 1
9% complete. Max time remaining: 1 min, 58 secs. Auto Shutoff: 1
11% complete. Max time remaining: 1 min, 53 secs. Auto Shutoff: 1
12% complete. Max time remaining: 1 min, 51 secs. Auto Shutoff: 1
13% complete. Max time remaining: 1 min, 56 secs. Auto Shutoff: 1
14% complete. Max time remaining: 1 min, 57 secs. Auto Shutoff: 1
14% complete. Max time remaining: 1 min, 56 secs. Auto Shutoff: 1
16% complete. Max time remaining: 1 min, 51 secs. Auto Shutoff: 1
17% complete. Max time remaining: 1 min, 48 secs. Auto Shutoff: 1
18% complete. Max time remaining: 1 min, 47 secs. Auto Shutoff: 1
19% complete. Max time remaining: 1 min, 46 secs. Auto Shutoff: 1
20% complete. Max time remaining: 1 min, 44 secs. Auto Shutoff: 1
22% complete. Max time remaining: 1 min, 40 secs. Auto Shutoff: 1
23% complete. Max time remaining: 1 min, 37 secs. Auto Shutoff: 1
24% complete. Max time remaining: 1 min, 34 secs. Auto Shutoff: 1
25% complete. Max time remaining: 1 min, 32 secs. Auto Shutoff: 0.00650463
27% complete. Max time remaining: 1 min, 31 secs. Auto Shutoff: 0.00266401
28% complete. Max time remaining: 1 min, 28 secs. Auto Shutoff: 0.00266401
29% complete. Max time remaining: 1 min, 26 secs. Auto Shutoff: 0.00111611
30% complete. Max time remaining: 1 min, 24 secs. Auto Shutoff: 0.00111611
31% complete. Max time remaining: 1 min, 22 secs. Auto Shutoff: 0.000574382
33% complete. Max time remaining: 1 min, 20 secs. Auto Shutoff: 0.000342166
34% complete. Max time remaining: 1 min, 18 secs. Auto Shutoff: 0.000342166
35% complete. Max time remaining: 1 min, 16 secs. Auto Shutoff: 0.000245091
36% complete. Max time remaining: 1 min, 15 secs. Auto Shutoff: 0.000182145
38% complete. Max time remaining: 1 min, 14 secs. Auto Shutoff: 0.000182145
39% complete. Max time remaining: 1 min, 13 secs. Auto Shutoff: 0.000142004
40% complete. Max time remaining: 1 min, 13 secs. Auto Shutoff: 9.46454e-005
41% complete. Max time remaining: 1 min, 13 secs. Auto Shutoff: 9.46454e-005
42% complete. Max time remaining: 1 min, 13 secs. Auto Shutoff: 9.46454e-005
42% complete. Max time remaining: 1 min, 12 secs. Auto Shutoff: 9.77413e-005
43% complete. Max time remaining: 1 min, 12 secs. Auto Shutoff: 9.77413e-005
44% complete. Max time remaining: 1 min, 10 secs. Auto Shutoff: 8.43804e-005
45% complete. Max time remaining: 1 min, 8 secs. Auto Shutoff: 8.43804e-005
47% complete. Max time remaining: 1 min, 7 secs. Auto Shutoff: 4.19134e-005
48% complete. Max time remaining: 1 min, 5 secs. Auto Shutoff: 0.00011842
49% complete. Max time remaining: 1 min, 4 secs. Auto Shutoff: 0.00011842
50% complete. Max time remaining: 1 min, 3 secs. Auto Shutoff: 2.55315e-005
51% complete. Max time remaining: 1 min, 2 secs. Auto Shutoff: 2.55315e-005
52% complete. Max time remaining: 1 min, 1 secs. Auto Shutoff: 9.02574e-005
53% complete. Max time remaining: 1 min, 1 secs. Auto Shutoff: 5.65433e-005
54% complete. Max time remaining: 1 min, 1 secs. Auto Shutoff: 5.65433e-005
55% complete. Max time remaining: 60 secs. Auto Shutoff: 5.65433e-005
56% complete. Max time remaining: 58 secs. Auto Shutoff: 3.17369e-005
57% complete. Max time remaining: 57 secs. Auto Shutoff: 3.17369e-005
58% complete. Max time remaining: 56 secs. Auto Shutoff: 9.37808e-005
58% complete. Max time remaining: 56 secs. Auto Shutoff: 9.37808e-005
59% complete. Max time remaining: 56 secs. Auto Shutoff: 9.37808e-005
59% complete. Max time remaining: 55 secs. Auto Shutoff: 1.05521e-005
60% complete. Max time remaining: 54 secs. Auto Shutoff: 1.05521e-005
61% complete. Max time remaining: 52 secs. Auto Shutoff: 8.02327e-005
63% complete. Max time remaining: 51 secs. Auto Shutoff: 8.02327e-005
64% complete. Max time remaining: 49 secs. Auto Shutoff: 4.15498e-005
65% complete. Max time remaining: 47 secs. Auto Shutoff: 3.18095e-005
66% complete. Max time remaining: 45 secs. Auto Shutoff: 3.18095e-005
67% complete. Max time remaining: 45 secs. Auto Shutoff: 3.18095e-005
67% complete. Max time remaining: 44 secs. Auto Shutoff: 7.91809e-005
68% complete. Max time remaining: 43 secs. Auto Shutoff: 7.91809e-005
69% complete. Max time remaining: 42 secs. Auto Shutoff: 5.65857e-006
100% complete. Max time remaining: 0 mins, 0 secs. Auto Shutoff: 5.65857e-006
Early termination of simulation, the autoshutoff criteria are satisfied.
Completed 3607 iterations, or 3.438508e-014s of Simulation Time
Process 0 starting to collect data
    collecting monitor data
Monitor ::model::total::x1 is outside the simulation and will not record any data
Monitor ::model::total::z1 is outside the simulation and will not record any data
Monitor ::model::scat::x1 is outside the simulation and will not record any data
Monitor ::model::scat::z1 is outside the simulation and will not record any data
Monitor ::model::scat_ff::z1 is outside the simulation and will not record any data
Monitor ::model::scat_ff::x1 is outside the simulation and will not record any data
    collecting source data
Starting meshing
Simulation size in gridpoints: 3 x 201 x 3
Refined 0 mesh cells (0.000000e+000%)
Completed meshing!
Meshing complete in 0.000000e+000 seconds of CPU time
0 0
Starting meshing
Simulation size in gridpoints: 3 x 201 x 3
Refined 0 mesh cells (0.000000e+000%)
Completed meshing!
Meshing complete in 0.000000e+000 seconds of CPU time
0 0
Starting meshing
Simulation size in gridpoints: 3 x 201 x 3
Refined 0 mesh cells (0.000000e+000%)
Completed meshing!
Meshing complete in 0.000000e+000 seconds of CPU time
0 0
finished material properties
Meshing Time: 1.729739e-003 seconds, Init Electrical Material Time: 7.637048e-004 seconds, Init Magnetic Material Time: 2.089549e-005
Using selected optimization level: 0
Selecting 3d kernel for splitFieldDirection=0 and optLevel=0
Finished collecting data
Simulation completed successfully at: Wed Oct 24 18:54:54 2018
Overall wall time measurements in seconds:
    time to mesh and initialize: 0
    time to run FDTD simulation: 93
    time to finalize data and save to files: 1
    FDTD solver speed: 1.18779 Mnodes/s
    total FDTD solver speed on 8 processes: 9.50231 Mnodes/s
