Warning: your license expires in 10 days!
FDTD Solutions Version 8.20.1703 (Windows 64bit)
 expires (month/day/year): 11/3/2018
using config file: C:/Users/AbyssusX/AppData/Roaming/Lumerical/FDTD Solutions.ini
license host: Hackingdom
current time: Wed Oct 24 18:19:17 2018
Running on host: Hackingdom
All processes are communicating and ready to proceed to simulation...
Running fsp file: C:\Program Files\Lumerical\FDTD\bin\fdtd-engine-msmpi.exe -t 1 -remote -hide G:/DEV/DevProjects/SciProjects/uob-python-plotcolor/MieScattering/ModifiedFiles/mie_example_3d_particle_radius_sweep/particle_radius_sweep_16.fsp
number of processors is 8
processors are distributed as: 1x4x2
Running 3D Simulation
Starting meshing
Simulation size in gridpoints: 46 x 23 x 24
Refined 0 mesh cells (0%)
Completed meshing!
Meshing complete in 0 seconds of CPU time
0 0
Starting meshing
Simulation size in gridpoints: 46 x 23 x 24
Refined 0 mesh cells (0%)
Completed meshing!
Meshing complete in 0 seconds of CPU time
0 0
Starting meshing
Simulation size in gridpoints: 46 x 23 x 24
Refined 0 mesh cells (0%)
Completed meshing!
Meshing complete in 0.015625 seconds of CPU time
0 0
finished material properties
Meshing Time: 0.0191189 seconds, Init Electrical Material Time: 0.00362817 seconds, Init Magnetic Material Time: 7.97596e-005
Using selected optimization level: 2
Selecting 3d kernel for splitFieldDirection=0 and optLevel=2
-----------------------------------------
Beginning initialization of 3D Simulation
Starting to add sources to simulation
Adding 3D TFSF source propagating in Y
Starting to add boundary conditions to simulation
Adding 3D Symmetric BC
Adding 3D PML BC
Adding 3D PML BC
Adding 3D Parallel BC
Adding 3D Anti-Symmetric BC
Adding 3D Parallel BC
Starting to add monitors to Simulation
Adding analysis monitor
Adding 3D DFT monitor
Adding 3D DFT monitor
Adding 3D DFT monitor
Adding 3D Time monitor
Adding 3D movie monitor
Adding analysis monitor
Adding 3D DFT monitor
Monitor ::model::total::x1 is outside the simulation and will not record any data
Adding 3D DFT monitor
Adding 3D DFT monitor
Adding 3D DFT monitor
Adding 3D DFT monitor
Monitor ::model::total::z1 is outside the simulation and will not record any data
Adding 3D DFT monitor
Adding analysis monitor
Adding 3D DFT monitor
Monitor ::model::scat::x1 is outside the simulation and will not record any data
Adding 3D DFT monitor
Adding 3D DFT monitor
Adding 3D DFT monitor
Adding 3D DFT monitor
Monitor ::model::scat::z1 is outside the simulation and will not record any data
Adding 3D DFT monitor
Adding analysis monitor
Adding 3D DFT monitor
Monitor ::model::scat_ff::z1 is outside the simulation and will not record any data
Adding 3D DFT monitor
Adding 3D DFT monitor
Monitor ::model::scat_ff::x1 is outside the simulation and will not record any data
Adding 3D DFT monitor
Adding 3D DFT monitor
Adding 3D DFT monitor
Adding 3D index monitor
Adding 3D DFT monitor
Finished initialization of 3D Simulation
-----------------------------------------
All processes are communicating and ready to proceed to simulation...
Starting 5245 total iterations
1% complete. Max time remaining: 2 mins, 55 secs. Auto Shutoff: 1
2% complete. Max time remaining: 2 mins, 17 secs. Auto Shutoff: 1
3% complete. Max time remaining: 1 min, 58 secs. Auto Shutoff: 1
5% complete. Max time remaining: 1 min, 48 secs. Auto Shutoff: 1
6% complete. Max time remaining: 1 min, 43 secs. Auto Shutoff: 1
7% complete. Max time remaining: 1 min, 38 secs. Auto Shutoff: 1
8% complete. Max time remaining: 1 min, 33 secs. Auto Shutoff: 1
11% complete. Max time remaining: 1 min, 25 secs. Auto Shutoff: 1
13% complete. Max time remaining: 1 min, 21 secs. Auto Shutoff: 1
16% complete. Max time remaining: 1 min, 18 secs. Auto Shutoff: 1
17% complete. Max time remaining: 1 min, 17 secs. Auto Shutoff: 1
18% complete. Max time remaining: 1 min, 16 secs. Auto Shutoff: 1
19% complete. Max time remaining: 1 min, 14 secs. Auto Shutoff: 1
22% complete. Max time remaining: 1 min, 10 secs. Auto Shutoff: 1
24% complete. Max time remaining: 1 min, 8 secs. Auto Shutoff: 1
25% complete. Max time remaining: 1 min, 7 secs. Auto Shutoff: 0.00660723
27% complete. Max time remaining: 1 min, 7 secs. Auto Shutoff: 0.00456816
28% complete. Max time remaining: 1 min, 6 secs. Auto Shutoff: 0.00456816
29% complete. Max time remaining: 1 min, 6 secs. Auto Shutoff: 0.00228242
30% complete. Max time remaining: 1 min, 5 secs. Auto Shutoff: 0.00228242
31% complete. Max time remaining: 1 min, 5 secs. Auto Shutoff: 0.00118022
33% complete. Max time remaining: 1 min, 4 secs. Auto Shutoff: 0.000545624
34% complete. Max time remaining: 1 min, 4 secs. Auto Shutoff: 0.000545624
35% complete. Max time remaining: 1 min, 2 secs. Auto Shutoff: 0.000350791
36% complete. Max time remaining: 1 min, 1 secs. Auto Shutoff: 0.000271234
38% complete. Max time remaining: 1 min, 0 secs. Auto Shutoff: 0.000271234
39% complete. Max time remaining: 59 secs. Auto Shutoff: 0.000213641
40% complete. Max time remaining: 58 secs. Auto Shutoff: 0.000170012
41% complete. Max time remaining: 58 secs. Auto Shutoff: 0.000170012
42% complete. Max time remaining: 56 secs. Auto Shutoff: 0.000125068
44% complete. Max time remaining: 55 secs. Auto Shutoff: 0.000125068
45% complete. Max time remaining: 54 secs. Auto Shutoff: 9.34123e-005
46% complete. Max time remaining: 53 secs. Auto Shutoff: 7.24475e-005
47% complete. Max time remaining: 51 secs. Auto Shutoff: 7.24475e-005
49% complete. Max time remaining: 50 secs. Auto Shutoff: 4.95629e-005
50% complete. Max time remaining: 49 secs. Auto Shutoff: 5.59082e-005
51% complete. Max time remaining: 47 secs. Auto Shutoff: 5.59082e-005
52% complete. Max time remaining: 46 secs. Auto Shutoff: 2.88549e-005
53% complete. Max time remaining: 45 secs. Auto Shutoff: 3.99056e-005
55% complete. Max time remaining: 43 secs. Auto Shutoff: 3.99056e-005
57% complete. Max time remaining: 41 secs. Auto Shutoff: 3.36158e-005
58% complete. Max time remaining: 40 secs. Auto Shutoff: 2.43564e-005
59% complete. Max time remaining: 39 secs. Auto Shutoff: 4.03381e-005
61% complete. Max time remaining: 38 secs. Auto Shutoff: 4.03381e-005
62% complete. Max time remaining: 37 secs. Auto Shutoff: 1.30102e-005
63% complete. Max time remaining: 35 secs. Auto Shutoff: 4.4472e-005
64% complete. Max time remaining: 34 secs. Auto Shutoff: 4.4472e-005
65% complete. Max time remaining: 34 secs. Auto Shutoff: 5.64861e-006
100% complete. Max time remaining: 0 mins, 0 secs. Auto Shutoff: 5.64861e-006
Early termination of simulation, the autoshutoff criteria are satisfied.
Completed 3405 iterations, or 3.245944e-014s of Simulation Time
Process 0 starting to collect data
    collecting monitor data
Monitor ::model::total::x1 is outside the simulation and will not record any data
Monitor ::model::total::z1 is outside the simulation and will not record any data
Monitor ::model::scat::x1 is outside the simulation and will not record any data
Monitor ::model::scat::z1 is outside the simulation and will not record any data
Monitor ::model::scat_ff::z1 is outside the simulation and will not record any data
Monitor ::model::scat_ff::x1 is outside the simulation and will not record any data
    collecting source data
Starting meshing
Simulation size in gridpoints: 3 x 191 x 3
Refined 0 mesh cells (0.000000e+000%)
Completed meshing!
Meshing complete in 0.000000e+000 seconds of CPU time
0 0
Starting meshing
Simulation size in gridpoints: 3 x 191 x 3
Refined 0 mesh cells (0.000000e+000%)
Completed meshing!
Meshing complete in 0.000000e+000 seconds of CPU time
0 0
Starting meshing
Simulation size in gridpoints: 3 x 191 x 3
Refined 0 mesh cells (0.000000e+000%)
Completed meshing!
Meshing complete in 0.000000e+000 seconds of CPU time
0 0
finished material properties
Meshing Time: 8.567153e-004 seconds, Init Electrical Material Time: 2.548231e-004 seconds, Init Magnetic Material Time: 1.427009e-005
Using selected optimization level: 0
Selecting 3d kernel for splitFieldDirection=0 and optLevel=0
Finished collecting data
Simulation completed successfully at: Wed Oct 24 18:20:20 2018
Overall wall time measurements in seconds:
    time to mesh and initialize: 0
    time to run FDTD simulation: 63
    time to finalize data and save to files: 0
    FDTD solver speed: 1.37238 Mnodes/s
    total FDTD solver speed on 8 processes: 10.979 Mnodes/s
