Warning: your license expires in 10 days!
FDTD Solutions Version 8.20.1703 (Windows 64bit)
 expires (month/day/year): 11/3/2018
using config file: C:/Users/AbyssusX/AppData/Roaming/Lumerical/FDTD Solutions.ini
license host: Hackingdom
current time: Wed Oct 24 18:16:57 2018
Running on host: Hackingdom
All processes are communicating and ready to proceed to simulation...
Running fsp file: C:\Program Files\Lumerical\FDTD\bin\fdtd-engine-msmpi.exe -t 1 -remote -hide G:/DEV/DevProjects/SciProjects/uob-python-plotcolor/MieScattering/ModifiedFiles/mie_example_3d_particle_radius_sweep/particle_radius_sweep_14.fsp
number of processors is 8
processors are distributed as: 1x4x2
Running 3D Simulation
Starting meshing
Simulation size in gridpoints: 46 x 23 x 24
Refined 0 mesh cells (0%)
Completed meshing!
Meshing complete in 0 seconds of CPU time
0 0
Starting meshing
Simulation size in gridpoints: 46 x 23 x 24
Refined 0 mesh cells (0%)
Completed meshing!
Meshing complete in 0.015625 seconds of CPU time
0 0
Starting meshing
Simulation size in gridpoints: 46 x 23 x 24
Refined 0 mesh cells (0%)
Completed meshing!
Meshing complete in 0.015625 seconds of CPU time
0 0
finished material properties
Meshing Time: 0.026722 seconds, Init Electrical Material Time: 0.00500549 seconds, Init Magnetic Material Time: 8.17982e-005
Using selected optimization level: 2
Selecting 3d kernel for splitFieldDirection=0 and optLevel=2
-----------------------------------------
Beginning initialization of 3D Simulation
Starting to add sources to simulation
Adding 3D TFSF source propagating in Y
Starting to add boundary conditions to simulation
Adding 3D Symmetric BC
Adding 3D PML BC
Adding 3D PML BC
Adding 3D Parallel BC
Adding 3D Anti-Symmetric BC
Adding 3D Parallel BC
Starting to add monitors to Simulation
Adding analysis monitor
Adding 3D DFT monitor
Adding 3D DFT monitor
Adding 3D DFT monitor
Adding 3D Time monitor
Adding 3D movie monitor
Adding analysis monitor
Adding 3D DFT monitor
Monitor ::model::total::x1 is outside the simulation and will not record any data
Adding 3D DFT monitor
Adding 3D DFT monitor
Adding 3D DFT monitor
Adding 3D DFT monitor
Monitor ::model::total::z1 is outside the simulation and will not record any data
Adding 3D DFT monitor
Adding analysis monitor
Adding 3D DFT monitor
Monitor ::model::scat::x1 is outside the simulation and will not record any data
Adding 3D DFT monitor
Adding 3D DFT monitor
Adding 3D DFT monitor
Adding 3D DFT monitor
Monitor ::model::scat::z1 is outside the simulation and will not record any data
Adding 3D DFT monitor
Adding analysis monitor
Adding 3D DFT monitor
Monitor ::model::scat_ff::z1 is outside the simulation and will not record any data
Adding 3D DFT monitor
Adding 3D DFT monitor
Monitor ::model::scat_ff::x1 is outside the simulation and will not record any data
Adding 3D DFT monitor
Adding 3D DFT monitor
Adding 3D DFT monitor
Adding 3D index monitor
Adding 3D DFT monitor
Finished initialization of 3D Simulation
-----------------------------------------
All processes are communicating and ready to proceed to simulation...
Starting 5245 total iterations
1% complete. Max time remaining: 3 mins, 37 secs. Auto Shutoff: 1
2% complete. Max time remaining: 2 mins, 43 secs. Auto Shutoff: 1
3% complete. Max time remaining: 2 mins, 8 secs. Auto Shutoff: 1
4% complete. Max time remaining: 1 min, 54 secs. Auto Shutoff: 1
5% complete. Max time remaining: 1 min, 44 secs. Auto Shutoff: 1
8% complete. Max time remaining: 1 min, 32 secs. Auto Shutoff: 1
10% complete. Max time remaining: 1 min, 30 secs. Auto Shutoff: 1
11% complete. Max time remaining: 1 min, 29 secs. Auto Shutoff: 1
13% complete. Max time remaining: 1 min, 27 secs. Auto Shutoff: 1
14% complete. Max time remaining: 1 min, 28 secs. Auto Shutoff: 1
15% complete. Max time remaining: 1 min, 41 secs. Auto Shutoff: 1
16% complete. Max time remaining: 1 min, 41 secs. Auto Shutoff: 1
17% complete. Max time remaining: 1 min, 40 secs. Auto Shutoff: 1
18% complete. Max time remaining: 1 min, 38 secs. Auto Shutoff: 1
19% complete. Max time remaining: 1 min, 35 secs. Auto Shutoff: 1
20% complete. Max time remaining: 1 min, 34 secs. Auto Shutoff: 1
22% complete. Max time remaining: 1 min, 32 secs. Auto Shutoff: 1
23% complete. Max time remaining: 1 min, 31 secs. Auto Shutoff: 1
24% complete. Max time remaining: 1 min, 29 secs. Auto Shutoff: 1
25% complete. Max time remaining: 1 min, 27 secs. Auto Shutoff: 0.00629718
27% complete. Max time remaining: 1 min, 24 secs. Auto Shutoff: 0.00501909
28% complete. Max time remaining: 1 min, 22 secs. Auto Shutoff: 0.00501909
30% complete. Max time remaining: 1 min, 18 secs. Auto Shutoff: 0.00284585
31% complete. Max time remaining: 1 min, 16 secs. Auto Shutoff: 0.00150777
33% complete. Max time remaining: 1 min, 14 secs. Auto Shutoff: 0.000686261
34% complete. Max time remaining: 1 min, 12 secs. Auto Shutoff: 0.000686261
35% complete. Max time remaining: 1 min, 10 secs. Auto Shutoff: 0.000385499
38% complete. Max time remaining: 1 min, 6 secs. Auto Shutoff: 0.000251447
39% complete. Max time remaining: 1 min, 5 secs. Auto Shutoff: 0.000165158
40% complete. Max time remaining: 1 min, 3 secs. Auto Shutoff: 0.00011212
41% complete. Max time remaining: 1 min, 2 secs. Auto Shutoff: 0.00011212
42% complete. Max time remaining: 1 min, 1 secs. Auto Shutoff: 8.41553e-005
44% complete. Max time remaining: 60 secs. Auto Shutoff: 8.41553e-005
45% complete. Max time remaining: 59 secs. Auto Shutoff: 5.72882e-005
46% complete. Max time remaining: 58 secs. Auto Shutoff: 7.33843e-005
47% complete. Max time remaining: 58 secs. Auto Shutoff: 7.33843e-005
49% complete. Max time remaining: 56 secs. Auto Shutoff: 3.39254e-005
50% complete. Max time remaining: 54 secs. Auto Shutoff: 6.30929e-005
51% complete. Max time remaining: 53 secs. Auto Shutoff: 6.30929e-005
52% complete. Max time remaining: 51 secs. Auto Shutoff: 2.30706e-005
53% complete. Max time remaining: 50 secs. Auto Shutoff: 5.08889e-005
55% complete. Max time remaining: 48 secs. Auto Shutoff: 5.08889e-005
56% complete. Max time remaining: 47 secs. Auto Shutoff: 1.69564e-005
57% complete. Max time remaining: 46 secs. Auto Shutoff: 1.69564e-005
58% complete. Max time remaining: 44 secs. Auto Shutoff: 3.74551e-005
61% complete. Max time remaining: 41 secs. Auto Shutoff: 2.35985e-005
62% complete. Max time remaining: 40 secs. Auto Shutoff: 2.5665e-005
63% complete. Max time remaining: 38 secs. Auto Shutoff: 2.97239e-005
64% complete. Max time remaining: 37 secs. Auto Shutoff: 2.97239e-005
66% complete. Max time remaining: 36 secs. Auto Shutoff: 1.5639e-005
68% complete. Max time remaining: 33 secs. Auto Shutoff: 3.38645e-005
69% complete. Max time remaining: 32 secs. Auto Shutoff: 8.13036e-006
100% complete. Max time remaining: 0 mins, 0 secs. Auto Shutoff: 8.13036e-006
Early termination of simulation, the autoshutoff criteria are satisfied.
Completed 3607 iterations, or 3.438508e-014s of Simulation Time
Process 0 starting to collect data
    collecting monitor data
Monitor ::model::total::x1 is outside the simulation and will not record any data
Monitor ::model::total::z1 is outside the simulation and will not record any data
Monitor ::model::scat::x1 is outside the simulation and will not record any data
Monitor ::model::scat::z1 is outside the simulation and will not record any data
Monitor ::model::scat_ff::z1 is outside the simulation and will not record any data
Monitor ::model::scat_ff::x1 is outside the simulation and will not record any data
    collecting source data
Starting meshing
Simulation size in gridpoints: 3 x 191 x 3
Refined 0 mesh cells (0.000000e+000%)
Completed meshing!
Meshing complete in 0.000000e+000 seconds of CPU time
0 0
Starting meshing
Simulation size in gridpoints: 3 x 191 x 3
Refined 0 mesh cells (0.000000e+000%)
Completed meshing!
Meshing complete in 0.000000e+000 seconds of CPU time
0 0
Starting meshing
Simulation size in gridpoints: 3 x 191 x 3
Refined 0 mesh cells (0.000000e+000%)
Completed meshing!
Meshing complete in 0.000000e+000 seconds of CPU time
0 0
finished material properties
Meshing Time: 1.838549e-003 seconds, Init Electrical Material Time: 2.346921e-004 seconds, Init Magnetic Material Time: 7.644693e-006
Using selected optimization level: 0
Selecting 3d kernel for splitFieldDirection=0 and optLevel=0
Finished collecting data
Simulation completed successfully at: Wed Oct 24 18:18:09 2018
Overall wall time measurements in seconds:
    time to mesh and initialize: 0
    time to run FDTD simulation: 70
    time to finalize data and save to files: 1
    FDTD solver speed: 1.30841 Mnodes/s
    total FDTD solver speed on 8 processes: 10.4673 Mnodes/s
