Warning: your license expires in 10 days!
FDTD Solutions Version 8.20.1703 (Windows 64bit)
 expires (month/day/year): 11/3/2018
using config file: C:/Users/AbyssusX/AppData/Roaming/Lumerical/FDTD Solutions.ini
license host: Hackingdom
current time: Wed Oct 24 18:33:58 2018
Running on host: Hackingdom
All processes are communicating and ready to proceed to simulation...
Running fsp file: C:\Program Files\Lumerical\FDTD\bin\fdtd-engine-msmpi.exe -t 1 -remote -hide G:/DEV/DevProjects/SciProjects/uob-python-plotcolor/MieScattering/ModifiedFiles/mie_example_3d_particle_radius_sweep/particle_radius_sweep_29.fsp
number of processors is 8
processors are distributed as: 1x4x2
Running 3D Simulation
Starting meshing
Simulation size in gridpoints: 48 x 24 x 25
Refined 0 mesh cells (0%)
Completed meshing!
Meshing complete in 0 seconds of CPU time
0 0
Starting meshing
Simulation size in gridpoints: 48 x 24 x 25
Refined 0 mesh cells (0%)
Completed meshing!
Meshing complete in 0.015625 seconds of CPU time
0 0
Starting meshing
Simulation size in gridpoints: 48 x 24 x 25
Refined 0 mesh cells (0%)
Completed meshing!
Meshing complete in 0.015625 seconds of CPU time
0 0
finished material properties
Meshing Time: 0.0668322 seconds, Init Electrical Material Time: 0.00701299 seconds, Init Magnetic Material Time: 0.000133272
Using selected optimization level: 2
Selecting 3d kernel for splitFieldDirection=0 and optLevel=2
-----------------------------------------
Beginning initialization of 3D Simulation
Starting to add sources to simulation
Adding 3D TFSF source propagating in Y
Starting to add boundary conditions to simulation
Adding 3D Symmetric BC
Adding 3D PML BC
Adding 3D PML BC
Adding 3D Parallel BC
Adding 3D Anti-Symmetric BC
Adding 3D Parallel BC
Starting to add monitors to Simulation
Adding analysis monitor
Adding 3D DFT monitor
Adding 3D DFT monitor
Adding 3D DFT monitor
Adding 3D Time monitor
Adding 3D movie monitor
Adding analysis monitor
Adding 3D DFT monitor
Monitor ::model::total::x1 is outside the simulation and will not record any data
Adding 3D DFT monitor
Adding 3D DFT monitor
Adding 3D DFT monitor
Adding 3D DFT monitor
Monitor ::model::total::z1 is outside the simulation and will not record any data
Adding 3D DFT monitor
Adding analysis monitor
Adding 3D DFT monitor
Monitor ::model::scat::x1 is outside the simulation and will not record any data
Adding 3D DFT monitor
Adding 3D DFT monitor
Adding 3D DFT monitor
Adding 3D DFT monitor
Monitor ::model::scat::z1 is outside the simulation and will not record any data
Adding 3D DFT monitor
Adding analysis monitor
Adding 3D DFT monitor
Monitor ::model::scat_ff::z1 is outside the simulation and will not record any data
Adding 3D DFT monitor
Adding 3D DFT monitor
Monitor ::model::scat_ff::x1 is outside the simulation and will not record any data
Adding 3D DFT monitor
Adding 3D DFT monitor
Adding 3D DFT monitor
Adding 3D index monitor
Adding 3D DFT monitor
Finished initialization of 3D Simulation
-----------------------------------------
All processes are communicating and ready to proceed to simulation...
Starting 5245 total iterations
1% complete. Max time remaining: 3 mins, 5 secs. Auto Shutoff: 1
2% complete. Max time remaining: 2 mins, 39 secs. Auto Shutoff: 1
3% complete. Max time remaining: 2 mins, 6 secs. Auto Shutoff: 1
4% complete. Max time remaining: 1 min, 55 secs. Auto Shutoff: 1
5% complete. Max time remaining: 1 min, 49 secs. Auto Shutoff: 1
6% complete. Max time remaining: 1 min, 42 secs. Auto Shutoff: 1
9% complete. Max time remaining: 1 min, 36 secs. Auto Shutoff: 1
10% complete. Max time remaining: 1 min, 33 secs. Auto Shutoff: 1
11% complete. Max time remaining: 1 min, 32 secs. Auto Shutoff: 1
13% complete. Max time remaining: 1 min, 31 secs. Auto Shutoff: 1
14% complete. Max time remaining: 1 min, 30 secs. Auto Shutoff: 1
15% complete. Max time remaining: 1 min, 30 secs. Auto Shutoff: 1
16% complete. Max time remaining: 1 min, 28 secs. Auto Shutoff: 1
17% complete. Max time remaining: 1 min, 26 secs. Auto Shutoff: 1
19% complete. Max time remaining: 1 min, 24 secs. Auto Shutoff: 1
20% complete. Max time remaining: 1 min, 23 secs. Auto Shutoff: 1
21% complete. Max time remaining: 1 min, 21 secs. Auto Shutoff: 1
22% complete. Max time remaining: 1 min, 18 secs. Auto Shutoff: 1
25% complete. Max time remaining: 1 min, 15 secs. Auto Shutoff: 0.00690036
26% complete. Max time remaining: 1 min, 13 secs. Auto Shutoff: 0.00690036
27% complete. Max time remaining: 1 min, 12 secs. Auto Shutoff: 0.00357718
28% complete. Max time remaining: 1 min, 11 secs. Auto Shutoff: 0.00179893
30% complete. Max time remaining: 1 min, 10 secs. Auto Shutoff: 0.00179893
31% complete. Max time remaining: 1 min, 8 secs. Auto Shutoff: 0.00105592
32% complete. Max time remaining: 1 min, 7 secs. Auto Shutoff: 0.00105592
33% complete. Max time remaining: 1 min, 6 secs. Auto Shutoff: 0.000582676
34% complete. Max time remaining: 1 min, 4 secs. Auto Shutoff: 0.00037884
36% complete. Max time remaining: 1 min, 3 secs. Auto Shutoff: 0.00037884
37% complete. Max time remaining: 1 min, 2 secs. Auto Shutoff: 0.000239648
38% complete. Max time remaining: 1 min, 0 secs. Auto Shutoff: 0.000155897
39% complete. Max time remaining: 59 secs. Auto Shutoff: 0.000155897
41% complete. Max time remaining: 58 secs. Auto Shutoff: 0.00010601
43% complete. Max time remaining: 55 secs. Auto Shutoff: 6.59745e-005
44% complete. Max time remaining: 54 secs. Auto Shutoff: 8.88494e-005
45% complete. Max time remaining: 52 secs. Auto Shutoff: 8.88494e-005
47% complete. Max time remaining: 51 secs. Auto Shutoff: 3.47995e-005
48% complete. Max time remaining: 50 secs. Auto Shutoff: 5.56406e-005
49% complete. Max time remaining: 49 secs. Auto Shutoff: 5.56406e-005
50% complete. Max time remaining: 47 secs. Auto Shutoff: 5.41084e-005
53% complete. Max time remaining: 45 secs. Auto Shutoff: 2.30426e-005
55% complete. Max time remaining: 42 secs. Auto Shutoff: 7.25934e-005
56% complete. Max time remaining: 41 secs. Auto Shutoff: 1.30923e-005
58% complete. Max time remaining: 40 secs. Auto Shutoff: 7.25792e-005
59% complete. Max time remaining: 39 secs. Auto Shutoff: 7.25792e-005
59% complete. Max time remaining: 38 secs. Auto Shutoff: 8.76434e-006
100% complete. Max time remaining: 0 mins, 0 secs. Auto Shutoff: 8.76434e-006
Early termination of simulation, the autoshutoff criteria are satisfied.
Completed 3102 iterations, or 2.957098e-014s of Simulation Time
Process 0 starting to collect data
    collecting monitor data
Monitor ::model::total::x1 is outside the simulation and will not record any data
Monitor ::model::total::z1 is outside the simulation and will not record any data
Monitor ::model::scat::x1 is outside the simulation and will not record any data
Monitor ::model::scat::z1 is outside the simulation and will not record any data
Monitor ::model::scat_ff::z1 is outside the simulation and will not record any data
Monitor ::model::scat_ff::x1 is outside the simulation and will not record any data
    collecting source data
Starting meshing
Simulation size in gridpoints: 3 x 197 x 3
Refined 0 mesh cells (0.000000e+000%)
Completed meshing!
Meshing complete in 0.000000e+000 seconds of CPU time
0 0
Starting meshing
Simulation size in gridpoints: 3 x 197 x 3
Refined 0 mesh cells (0.000000e+000%)
Completed meshing!
Meshing complete in 0.000000e+000 seconds of CPU time
0 0
Starting meshing
Simulation size in gridpoints: 3 x 197 x 3
Refined 0 mesh cells (0.000000e+000%)
Completed meshing!
Meshing complete in 0.000000e+000 seconds of CPU time
0 0
finished material properties
Meshing Time: 8.796493e-004 seconds, Init Electrical Material Time: 2.606840e-004 seconds, Init Magnetic Material Time: 7.389870e-006
Using selected optimization level: 0
Selecting 3d kernel for splitFieldDirection=0 and optLevel=0
Finished collecting data
Simulation completed successfully at: Wed Oct 24 18:34:55 2018
Overall wall time measurements in seconds:
    time to mesh and initialize: 1
    time to run FDTD simulation: 55
    time to finalize data and save to files: 1
    FDTD solver speed: 1.62432 Mnodes/s
    total FDTD solver speed on 8 processes: 12.9946 Mnodes/s
