FDTD Solutions Version 8.20.1731 (Linux 64bit)
 expires (month/day/year): 11/11/2018
using config file: /home/thenegativeentropy/.config/Lumerical/FDTD Solutions.ini
license host: <a href=http://localhost:8095>localhost:8095</a>
current time: Tue Oct 23 18:36:39 2018
Running on host: Hackingdom
All processes are communicating and ready to proceed to simulation...
Running fsp file: /opt/lumerical/fdtd/bin/fdtd-engine-mpich2nem -t 1 -remote -hide -ttyname /dev/pts/0 /home/thenegativeentropy/DevProjects/SciProjects/Lumerical/FDTD/MieScattering/ModifiedFiles/mie_example_3d_particle_radius_sweep/particle_radius_sweep_93.fsp
number of processors is 4
processors are distributed as: 1x2x2
Running 3D Simulation
Starting meshing
Simulation size in gridpoints: 49 x 49 x 25
Refined 0 mesh cells (0%)
Completed meshing!
Meshing complete in 0.049254 seconds of CPU time
57200 57200
Starting meshing
Simulation size in gridpoints: 49 x 49 x 25
Refined 0 mesh cells (0%)
Completed meshing!
Meshing complete in 0.041323 seconds of CPU time
59520 59520
Starting meshing
Simulation size in gridpoints: 49 x 49 x 25
Refined 0 mesh cells (0%)
Completed meshing!
Meshing complete in 0.039205 seconds of CPU time
55040 55040
finished material properties
Meshing Time: 0.106478 seconds, Init Electrical Material Time: 0.031991 seconds, Init Magnetic Material Time: 0.000169
Using selected optimization level: 2
Selecting 3d kernel for splitFieldDirection=0 and optLevel=2
-----------------------------------------
Beginning initialization of 3D Simulation
Starting to add sources to simulation
Adding 3D TFSF source propagating in Y
Starting meshing
Simulation size in gridpoints: 3 x 201 x 3
Refined 0 mesh cells (0%)
Completed meshing!
Meshing complete in 0.000366 seconds of CPU time
0 0
Starting meshing
Simulation size in gridpoints: 3 x 201 x 3
Refined 0 mesh cells (0%)
Completed meshing!
Meshing complete in 0.000327 seconds of CPU time
0 0
Starting meshing
Simulation size in gridpoints: 3 x 201 x 3
Refined 0 mesh cells (0%)
Completed meshing!
Meshing complete in 0.000302 seconds of CPU time
0 0
finished material properties
Meshing Time: 0.000733 seconds, Init Electrical Material Time: 0.000337 seconds, Init Magnetic Material Time: 6e-06
Using selected optimization level: 2
Selecting 3d kernel for splitFieldDirection=0 and optLevel=2
Starting to add boundary conditions to simulation
Adding 3D Symmetric BC
Adding 3D PML BC
Adding 3D PML BC
Adding 3D Parallel BC
Adding 3D Anti-Symmetric BC
Adding 3D Parallel BC
Starting to add monitors to Simulation
Adding analysis monitor
Adding 3D DFT monitor
Adding 3D DFT monitor
Adding 3D DFT monitor
Adding 3D Time monitor
Adding 3D movie monitor
Adding analysis monitor
Adding 3D DFT monitor
Monitor ::model::total::x1 is outside the simulation and will not record any data
Adding 3D DFT monitor
Adding 3D DFT monitor
Adding 3D DFT monitor
Adding 3D DFT monitor
Monitor ::model::total::z1 is outside the simulation and will not record any data
Adding 3D DFT monitor
Adding analysis monitor
Adding 3D DFT monitor
Monitor ::model::scat::x1 is outside the simulation and will not record any data
Adding 3D DFT monitor
Adding 3D DFT monitor
Adding 3D DFT monitor
Adding 3D DFT monitor
Monitor ::model::scat::z1 is outside the simulation and will not record any data
Adding 3D DFT monitor
Adding analysis monitor
Adding 3D DFT monitor
Monitor ::model::scat_ff::z1 is outside the simulation and will not record any data
Adding 3D DFT monitor
Adding 3D DFT monitor
Monitor ::model::scat_ff::x1 is outside the simulation and will not record any data
Adding 3D DFT monitor
Adding 3D DFT monitor
Adding 3D DFT monitor
Adding 3D index monitor
Finished initialization of 3D Simulation
-----------------------------------------
All processes are communicating and ready to proceed to simulation...
Starting 5245 total iterations
1% complete. Max time remaining: 24 secs. Auto Shutoff: 1
2% complete. Max time remaining: 21 secs. Auto Shutoff: 1
5% complete. Max time remaining: 20 secs. Auto Shutoff: 1
9% complete. Max time remaining: 19 secs. Auto Shutoff: 1
19% complete. Max time remaining: 17 secs. Auto Shutoff: 1
24% complete. Max time remaining: 16 secs. Auto Shutoff: 1
34% complete. Max time remaining: 14 secs. Auto Shutoff: 0.000322082
44% complete. Max time remaining: 11 secs. Auto Shutoff: 9.52256e-05
53% complete. Max time remaining: 9 secs. Auto Shutoff: 6.28938e-05
63% complete. Max time remaining: 7 secs. Auto Shutoff: 4.83631e-05
69% complete. Max time remaining: 6 secs. Auto Shutoff: 5.64958e-06
100% complete. Max time remaining: 0 mins, 0 secs. Auto Shutoff: 5.64958e-06
Early termination of simulation, the autoshutoff criteria are satisfied.
Completed 3607 iterations, or 3.438508e-14s of Simulation Time
Process 0 starting to collect data
    collecting monitor data
Monitor ::model::total::x1 is outside the simulation and will not record any data
Monitor ::model::total::z1 is outside the simulation and will not record any data
Monitor ::model::scat::x1 is outside the simulation and will not record any data
Monitor ::model::scat::z1 is outside the simulation and will not record any data
Monitor ::model::scat_ff::z1 is outside the simulation and will not record any data
Monitor ::model::scat_ff::x1 is outside the simulation and will not record any data
    collecting source data
Starting meshing
Simulation size in gridpoints: 3 x 201 x 3
Refined 0 mesh cells (0.000000e+00%)
Completed meshing!
Meshing complete in 3.580000e-04 seconds of CPU time
0 0
Starting meshing
Simulation size in gridpoints: 3 x 201 x 3
Refined 0 mesh cells (0.000000e+00%)
Completed meshing!
Meshing complete in 3.130000e-04 seconds of CPU time
0 0
Starting meshing
Simulation size in gridpoints: 3 x 201 x 3
Refined 0 mesh cells (0.000000e+00%)
Completed meshing!
Meshing complete in 3.020000e-04 seconds of CPU time
0 0
finished material properties
Meshing Time: 7.520000e-04 seconds, Init Electrical Material Time: 3.370000e-04 seconds, Init Magnetic Material Time: 7.000000e-06
Using selected optimization level: 0
Selecting 3d kernel for splitFieldDirection=0 and optLevel=0
Finished collecting data
Simulation completed successfully at: Tue Oct 23 18:36:54 2018
Overall wall time measurements in seconds:
    time to mesh and initialize: 1
    time to run FDTD simulation: 13
    time to finalize data and save to files: 1
    FDTD solver speed: 16.6546 Mnodes/s
    total FDTD solver speed on 4 processes: 66.6185 Mnodes/s
