Warning: your license expires in 10 days!
FDTD Solutions Version 8.20.1703 (Windows 64bit)
 expires (month/day/year): 11/3/2018
using config file: C:/Users/AbyssusX/AppData/Roaming/Lumerical/FDTD Solutions.ini
license host: Hackingdom
current time: Wed Oct 24 18:22:27 2018
Running on host: Hackingdom
All processes are communicating and ready to proceed to simulation...
Running fsp file: C:\Program Files\Lumerical\FDTD\bin\fdtd-engine-msmpi.exe -t 1 -remote -hide G:/DEV/DevProjects/SciProjects/uob-python-plotcolor/MieScattering/ModifiedFiles/mie_example_3d_particle_radius_sweep/particle_radius_sweep_19.fsp
number of processors is 8
processors are distributed as: 1x4x2
Running 3D Simulation
Starting meshing
Simulation size in gridpoints: 47 x 24 x 24
Refined 0 mesh cells (0%)
Completed meshing!
Meshing complete in 0.015625 seconds of CPU time
0 0
Starting meshing
Simulation size in gridpoints: 47 x 24 x 24
Refined 0 mesh cells (0%)
Completed meshing!
Meshing complete in 0.015625 seconds of CPU time
0 0
Starting meshing
Simulation size in gridpoints: 47 x 24 x 24
Refined 0 mesh cells (0%)
Completed meshing!
Meshing complete in 0.015625 seconds of CPU time
0 0
finished material properties
Meshing Time: 0.0159942 seconds, Init Electrical Material Time: 0.00332926 seconds, Init Magnetic Material Time: 8.46013e-005
Using selected optimization level: 2
Selecting 3d kernel for splitFieldDirection=0 and optLevel=2
-----------------------------------------
Beginning initialization of 3D Simulation
Starting to add sources to simulation
Adding 3D TFSF source propagating in Y
Starting to add boundary conditions to simulation
Adding 3D Symmetric BC
Adding 3D PML BC
Adding 3D PML BC
Adding 3D Parallel BC
Adding 3D Anti-Symmetric BC
Adding 3D Parallel BC
Starting to add monitors to Simulation
Adding analysis monitor
Adding 3D DFT monitor
Adding 3D DFT monitor
Adding 3D DFT monitor
Adding 3D Time monitor
Adding 3D movie monitor
Adding analysis monitor
Adding 3D DFT monitor
Monitor ::model::total::x1 is outside the simulation and will not record any data
Adding 3D DFT monitor
Adding 3D DFT monitor
Adding 3D DFT monitor
Adding 3D DFT monitor
Monitor ::model::total::z1 is outside the simulation and will not record any data
Adding 3D DFT monitor
Adding analysis monitor
Adding 3D DFT monitor
Monitor ::model::scat::x1 is outside the simulation and will not record any data
Adding 3D DFT monitor
Adding 3D DFT monitor
Adding 3D DFT monitor
Adding 3D DFT monitor
Monitor ::model::scat::z1 is outside the simulation and will not record any data
Adding 3D DFT monitor
Adding analysis monitor
Adding 3D DFT monitor
Monitor ::model::scat_ff::z1 is outside the simulation and will not record any data
Adding 3D DFT monitor
Adding 3D DFT monitor
Monitor ::model::scat_ff::x1 is outside the simulation and will not record any data
Adding 3D DFT monitor
Adding 3D DFT monitor
Adding 3D DFT monitor
Adding 3D index monitor
Adding 3D DFT monitor
Finished initialization of 3D Simulation
-----------------------------------------
All processes are communicating and ready to proceed to simulation...
Starting 5245 total iterations
1% complete. Max time remaining: 3 mins, 23 secs. Auto Shutoff: 1
2% complete. Max time remaining: 2 mins, 51 secs. Auto Shutoff: 1
3% complete. Max time remaining: 2 mins, 9 secs. Auto Shutoff: 1
4% complete. Max time remaining: 1 min, 54 secs. Auto Shutoff: 1
5% complete. Max time remaining: 1 min, 47 secs. Auto Shutoff: 1
6% complete. Max time remaining: 1 min, 41 secs. Auto Shutoff: 1
8% complete. Max time remaining: 1 min, 37 secs. Auto Shutoff: 1
9% complete. Max time remaining: 1 min, 34 secs. Auto Shutoff: 1
10% complete. Max time remaining: 1 min, 31 secs. Auto Shutoff: 1
11% complete. Max time remaining: 1 min, 28 secs. Auto Shutoff: 1
13% complete. Max time remaining: 1 min, 26 secs. Auto Shutoff: 1
14% complete. Max time remaining: 1 min, 24 secs. Auto Shutoff: 1
15% complete. Max time remaining: 1 min, 22 secs. Auto Shutoff: 1
16% complete. Max time remaining: 1 min, 21 secs. Auto Shutoff: 1
17% complete. Max time remaining: 1 min, 19 secs. Auto Shutoff: 1
20% complete. Max time remaining: 1 min, 15 secs. Auto Shutoff: 1
22% complete. Max time remaining: 1 min, 12 secs. Auto Shutoff: 1
23% complete. Max time remaining: 1 min, 10 secs. Auto Shutoff: 1
25% complete. Max time remaining: 1 min, 9 secs. Auto Shutoff: 0.00526927
26% complete. Max time remaining: 1 min, 8 secs. Auto Shutoff: 0.00526927
27% complete. Max time remaining: 1 min, 7 secs. Auto Shutoff: 0.00385954
28% complete. Max time remaining: 1 min, 6 secs. Auto Shutoff: 0.00221376
30% complete. Max time remaining: 1 min, 5 secs. Auto Shutoff: 0.00221376
31% complete. Max time remaining: 1 min, 4 secs. Auto Shutoff: 0.00125441
32% complete. Max time remaining: 1 min, 2 secs. Auto Shutoff: 0.00125441
33% complete. Max time remaining: 1 min, 1 secs. Auto Shutoff: 0.000602484
34% complete. Max time remaining: 60 secs. Auto Shutoff: 0.00035096
36% complete. Max time remaining: 59 secs. Auto Shutoff: 0.00035096
37% complete. Max time remaining: 57 secs. Auto Shutoff: 0.000238823
39% complete. Max time remaining: 55 secs. Auto Shutoff: 0.00016217
41% complete. Max time remaining: 54 secs. Auto Shutoff: 0.000109563
42% complete. Max time remaining: 53 secs. Auto Shutoff: 0.000109563
43% complete. Max time remaining: 52 secs. Auto Shutoff: 7.15848e-005
44% complete. Max time remaining: 51 secs. Auto Shutoff: 4.94611e-005
47% complete. Max time remaining: 48 secs. Auto Shutoff: 4.501e-005
48% complete. Max time remaining: 47 secs. Auto Shutoff: 4.59403e-005
49% complete. Max time remaining: 46 secs. Auto Shutoff: 4.59403e-005
50% complete. Max time remaining: 45 secs. Auto Shutoff: 2.60526e-005
52% complete. Max time remaining: 45 secs. Auto Shutoff: 5.48531e-005
53% complete. Max time remaining: 44 secs. Auto Shutoff: 5.48531e-005
54% complete. Max time remaining: 43 secs. Auto Shutoff: 1.56082e-005
55% complete. Max time remaining: 42 secs. Auto Shutoff: 1.56082e-005
58% complete. Max time remaining: 39 secs. Auto Shutoff: 1.037e-005
59% complete. Max time remaining: 38 secs. Auto Shutoff: 1.037e-005
60% complete. Max time remaining: 37 secs. Auto Shutoff: 5.60109e-005
61% complete. Max time remaining: 36 secs. Auto Shutoff: 6.52406e-006
100% complete. Max time remaining: 0 mins, 0 secs. Auto Shutoff: 6.52406e-006
Early termination of simulation, the autoshutoff criteria are satisfied.
Completed 3203 iterations, or 3.053380e-014s of Simulation Time
Process 0 starting to collect data
    collecting monitor data
Monitor ::model::total::x1 is outside the simulation and will not record any data
Monitor ::model::total::z1 is outside the simulation and will not record any data
Monitor ::model::scat::x1 is outside the simulation and will not record any data
Monitor ::model::scat::z1 is outside the simulation and will not record any data
Monitor ::model::scat_ff::z1 is outside the simulation and will not record any data
Monitor ::model::scat_ff::x1 is outside the simulation and will not record any data
    collecting source data
Starting meshing
Simulation size in gridpoints: 3 x 193 x 3
Refined 0 mesh cells (0.000000e+000%)
Completed meshing!
Meshing complete in 0.000000e+000 seconds of CPU time
0 0
Starting meshing
Simulation size in gridpoints: 3 x 193 x 3
Refined 0 mesh cells (0.000000e+000%)
Completed meshing!
Meshing complete in 0.000000e+000 seconds of CPU time
0 0
Starting meshing
Simulation size in gridpoints: 3 x 193 x 3
Refined 0 mesh cells (0.000000e+000%)
Completed meshing!
Meshing complete in 0.000000e+000 seconds of CPU time
0 0
finished material properties
Meshing Time: 2.362720e-003 seconds, Init Electrical Material Time: 5.149975e-004 seconds, Init Magnetic Material Time: 1.427009e-005
Using selected optimization level: 0
Selecting 3d kernel for splitFieldDirection=0 and optLevel=0
Finished collecting data
Simulation completed successfully at: Wed Oct 24 18:23:25 2018
Overall wall time measurements in seconds:
    time to mesh and initialize: 0
    time to run FDTD simulation: 57
    time to finalize data and save to files: 1
    FDTD solver speed: 1.52126 Mnodes/s
    total FDTD solver speed on 8 processes: 12.1701 Mnodes/s
