Warning: your license expires in 10 days!
FDTD Solutions Version 8.20.1703 (Windows 64bit)
 expires (month/day/year): 11/3/2018
using config file: C:/Users/AbyssusX/AppData/Roaming/Lumerical/FDTD Solutions.ini
license host: Hackingdom
current time: Wed Oct 24 18:06:43 2018
Running on host: Hackingdom
All processes are communicating and ready to proceed to simulation...
Running fsp file: C:\Program Files\Lumerical\FDTD\bin\fdtd-engine-msmpi.exe -t 1 -remote -hide G:/DEV/DevProjects/SciProjects/uob-python-plotcolor/MieScattering/ModifiedFiles/mie_example_3d_particle_radius_sweep/particle_radius_sweep_4.fsp
number of processors is 8
processors are distributed as: 1x4x2
Running 3D Simulation
Starting meshing
Simulation size in gridpoints: 45 x 23 x 23
Refined 0 mesh cells (0%)
Completed meshing!
Meshing complete in 0 seconds of CPU time
0 0
Starting meshing
Simulation size in gridpoints: 45 x 23 x 23
Refined 0 mesh cells (0%)
Completed meshing!
Meshing complete in 0 seconds of CPU time
0 0
Starting meshing
Simulation size in gridpoints: 45 x 23 x 23
Refined 0 mesh cells (0%)
Completed meshing!
Meshing complete in 0 seconds of CPU time
0 0
finished material properties
Meshing Time: 0.015747 seconds, Init Electrical Material Time: 0.00584641 seconds, Init Magnetic Material Time: 0.000124608
Using selected optimization level: 2
Selecting 3d kernel for splitFieldDirection=0 and optLevel=2
-----------------------------------------
Beginning initialization of 3D Simulation
Starting to add sources to simulation
Adding 3D TFSF source propagating in Y
Starting to add boundary conditions to simulation
Adding 3D Symmetric BC
Adding 3D PML BC
Adding 3D PML BC
Adding 3D Parallel BC
Adding 3D Anti-Symmetric BC
Adding 3D Parallel BC
Starting to add monitors to Simulation
Adding analysis monitor
Adding 3D DFT monitor
Adding 3D DFT monitor
Adding 3D DFT monitor
Adding 3D Time monitor
Adding 3D movie monitor
Adding analysis monitor
Adding 3D DFT monitor
Monitor ::model::total::x1 is outside the simulation and will not record any data
Adding 3D DFT monitor
Adding 3D DFT monitor
Adding 3D DFT monitor
Adding 3D DFT monitor
Monitor ::model::total::z1 is outside the simulation and will not record any data
Adding 3D DFT monitor
Adding analysis monitor
Adding 3D DFT monitor
Monitor ::model::scat::x1 is outside the simulation and will not record any data
Adding 3D DFT monitor
Adding 3D DFT monitor
Adding 3D DFT monitor
Adding 3D DFT monitor
Monitor ::model::scat::z1 is outside the simulation and will not record any data
Adding 3D DFT monitor
Adding analysis monitor
Adding 3D DFT monitor
Monitor ::model::scat_ff::z1 is outside the simulation and will not record any data
Adding 3D DFT monitor
Adding 3D DFT monitor
Monitor ::model::scat_ff::x1 is outside the simulation and will not record any data
Adding 3D DFT monitor
Adding 3D DFT monitor
Adding 3D DFT monitor
Adding 3D index monitor
Adding 3D DFT monitor
Finished initialization of 3D Simulation
-----------------------------------------
All processes are communicating and ready to proceed to simulation...
Starting 5245 total iterations
1% complete. Max time remaining: 1 min, 37 secs. Auto Shutoff: 1
2% complete. Max time remaining: 1 min, 19 secs. Auto Shutoff: 1
5% complete. Max time remaining: 1 min, 3 secs. Auto Shutoff: 1
7% complete. Max time remaining: 1 min, 7 secs. Auto Shutoff: 1
8% complete. Max time remaining: 1 min, 5 secs. Auto Shutoff: 1
11% complete. Max time remaining: 1 min, 12 secs. Auto Shutoff: 1
12% complete. Max time remaining: 1 min, 17 secs. Auto Shutoff: 1
13% complete. Max time remaining: 1 min, 22 secs. Auto Shutoff: 1
14% complete. Max time remaining: 1 min, 21 secs. Auto Shutoff: 1
16% complete. Max time remaining: 1 min, 24 secs. Auto Shutoff: 1
17% complete. Max time remaining: 1 min, 20 secs. Auto Shutoff: 1
19% complete. Max time remaining: 1 min, 16 secs. Auto Shutoff: 1
20% complete. Max time remaining: 1 min, 14 secs. Auto Shutoff: 1
23% complete. Max time remaining: 1 min, 16 secs. Auto Shutoff: 1
24% complete. Max time remaining: 1 min, 15 secs. Auto Shutoff: 1
25% complete. Max time remaining: 1 min, 22 secs. Auto Shutoff: 0.00685979
26% complete. Max time remaining: 1 min, 22 secs. Auto Shutoff: 0.00685979
27% complete. Max time remaining: 1 min, 21 secs. Auto Shutoff: 0.00402424
28% complete. Max time remaining: 1 min, 18 secs. Auto Shutoff: 0.00186289
31% complete. Max time remaining: 1 min, 15 secs. Auto Shutoff: 0.0009006
32% complete. Max time remaining: 1 min, 14 secs. Auto Shutoff: 0.0009006
33% complete. Max time remaining: 1 min, 13 secs. Auto Shutoff: 0.000460419
34% complete. Max time remaining: 1 min, 10 secs. Auto Shutoff: 0.00033423
37% complete. Max time remaining: 1 min, 6 secs. Auto Shutoff: 0.000251382
39% complete. Max time remaining: 1 min, 1 secs. Auto Shutoff: 0.000213258
42% complete. Max time remaining: 58 secs. Auto Shutoff: 0.000184276
44% complete. Max time remaining: 54 secs. Auto Shutoff: 0.000124806
47% complete. Max time remaining: 51 secs. Auto Shutoff: 9.64174e-005
48% complete. Max time remaining: 50 secs. Auto Shutoff: 7.36144e-005
49% complete. Max time remaining: 48 secs. Auto Shutoff: 7.36144e-005
52% complete. Max time remaining: 45 secs. Auto Shutoff: 4.34786e-005
54% complete. Max time remaining: 42 secs. Auto Shutoff: 3.34959e-005
56% complete. Max time remaining: 39 secs. Auto Shutoff: 3.8049e-005
59% complete. Max time remaining: 36 secs. Auto Shutoff: 1.96189e-005
61% complete. Max time remaining: 33 secs. Auto Shutoff: 1.47918e-005
64% complete. Max time remaining: 31 secs. Auto Shutoff: 2.75616e-005
66% complete. Max time remaining: 28 secs. Auto Shutoff: 1.47912e-005
69% complete. Max time remaining: 26 secs. Auto Shutoff: 2.3364e-005
71% complete. Max time remaining: 24 secs. Auto Shutoff: 1.96449e-005
72% complete. Max time remaining: 23 secs. Auto Shutoff: 1.96449e-005
75% complete. Max time remaining: 21 secs. Auto Shutoff: 1.63442e-005
77% complete. Max time remaining: 18 secs. Auto Shutoff: 1.47549e-005
80% complete. Max time remaining: 16 secs. Auto Shutoff: 1.34129e-005
82% complete. Max time remaining: 14 secs. Auto Shutoff: 1.45683e-005
84% complete. Max time remaining: 12 secs. Auto Shutoff: 1.43032e-005
86% complete. Max time remaining: 11 secs. Auto Shutoff: 8.72984e-006
100% complete. Max time remaining: 0 mins, 0 secs. Auto Shutoff: 8.72984e-006
Early termination of simulation, the autoshutoff criteria are satisfied.
Completed 4516 iterations, or 4.305046e-014s of Simulation Time
Process 0 starting to collect data
    collecting monitor data
Monitor ::model::total::x1 is outside the simulation and will not record any data
Monitor ::model::total::z1 is outside the simulation and will not record any data
Monitor ::model::scat::x1 is outside the simulation and will not record any data
Monitor ::model::scat::z1 is outside the simulation and will not record any data
Monitor ::model::scat_ff::z1 is outside the simulation and will not record any data
Monitor ::model::scat_ff::x1 is outside the simulation and will not record any data
    collecting source data
Starting meshing
Simulation size in gridpoints: 3 x 187 x 3
Refined 0 mesh cells (0.000000e+000%)
Completed meshing!
Meshing complete in 0.000000e+000 seconds of CPU time
0 0
Starting meshing
Simulation size in gridpoints: 3 x 187 x 3
Refined 0 mesh cells (0.000000e+000%)
Completed meshing!
Meshing complete in 0.000000e+000 seconds of CPU time
0 0
Starting meshing
Simulation size in gridpoints: 3 x 187 x 3
Refined 0 mesh cells (0.000000e+000%)
Completed meshing!
Meshing complete in 0.000000e+000 seconds of CPU time
0 0
finished material properties
Meshing Time: 1.762102e-003 seconds, Init Electrical Material Time: 4.793223e-004 seconds, Init Magnetic Material Time: 1.427009e-005
Using selected optimization level: 0
Selecting 3d kernel for splitFieldDirection=0 and optLevel=0
Finished collecting data
Simulation completed successfully at: Wed Oct 24 18:07:50 2018
Overall wall time measurements in seconds:
    time to mesh and initialize: 0
    time to run FDTD simulation: 67
    time to finalize data and save to files: 0
    FDTD solver speed: 1.60453 Mnodes/s
    total FDTD solver speed on 8 processes: 12.8362 Mnodes/s
